<?xml version="1.0" encoding="UTF-8"?>
<!-- Generated by org.testng.reporters.JUnitReportReporter -->
<testsuite name="actions.LoginTestSuite" tests="1" time="19.230" ignored="0" failures="0" timestamp="13 May 2021 23:13:18 GMT" skipped="0" hostname="ISW-ENG-JI1" errors="0">
  <testcase name="successulLogin" time="19.230" classname="actions.LoginTestSuite"/>
</testsuite> <!-- actions.LoginTestSuite -->
